#
# A fatal error has been detected by the Java Runtime Environment:
#
#  SIGFPE (0x8) at pc=0x00007fe439a8e1b2, pid=42505, tid=42507
#
# JRE version: OpenJDK Runtime Environment (17.0.2+8) (build 17.0.2+8-86)
# Java VM: OpenJDK 64-Bit Server VM (17.0.2+8-86, mixed mode, sharing, tiered, compressed oops, compressed class ptrs, g1 gc, linux-amd64)
# Problematic frame:
# C  [libnative.so+0x11b2]  Java_NativeLibrary_divideByZero+0x1d
#
# Core dump will be written. Default location: Core dumps may be processed with "/usr/share/apport/apport -p%p -s%s -c%c -d%d -P%P -u%u -g%g -- %E" (or dumping to /home/ann/projects/java-optimization/task4/core.42505)
#
# If you would like to submit a bug report, please visit:
#   https://bugreport.java.com/bugreport/crash.jsp
# The crash happened outside the Java Virtual Machine in native code.
# See problematic frame for where to report the bug.
#

---------------  S U M M A R Y ------------

Command Line: -Djava.library.path=./src/main/c Main -cp ./build/classes/java/main Main -Dfile.encoding=UTF-8 -Duser.country=US -Duser.language=en -Duser.variant -cp /home/ann/projects/java-optimization/task4/build/classes/java/main:/home/ann/projects/java-optimization/task4/build/resources/main Main

Host: 11th Gen Intel(R) Core(TM) i7-1165G7 @ 2.80GHz, 8 cores, 15G, Ubuntu 22.04.1 LTS
Time: Thu Mar 30 14:58:47 2023 +07 elapsed time: 0.032142 seconds (0d 0h 0m 0s)

---------------  T H R E A D  ---------------

Current thread (0x00007fe434023df0):  JavaThread "main" [_thread_in_native, id=42507, stack(0x00007fe438300000,0x00007fe438400000)]

Stack: [0x00007fe438300000,0x00007fe438400000],  sp=0x00007fe4383fe880,  free space=1018k
Native frames: (J=compiled Java code, j=interpreted, Vv=VM code, C=native code)
C  [libnative.so+0x11b2]  Java_NativeLibrary_divideByZero+0x1d
j  NativeLibrary.divideByZero()V+0
j  Main.main([Ljava/lang/String;)V+9
v  ~StubRoutines::call_stub
V  [libjvm.so+0x7f4335]  JavaCalls::call_helper(JavaValue*, methodHandle const&, JavaCallArguments*, JavaThread*)+0x315
V  [libjvm.so+0x88cfed]  jni_invoke_static(JNIEnv_*, JavaValue*, _jobject*, JNICallType, _jmethodID*, JNI_ArgumentPusher*, JavaThread*) [clone .constprop.1]+0x38d
V  [libjvm.so+0x88fe6e]  jni_CallStaticVoidMethod+0x16e
C  [libjli.so+0x46fe]  JavaMain+0xcfe
C  [libjli.so+0x7ee9]  ThreadJavaMain+0x9

Java frames: (J=compiled Java code, j=interpreted, Vv=VM code)
j  NativeLibrary.divideByZero()V+0
j  Main.main([Ljava/lang/String;)V+9
v  ~StubRoutines::call_stub

siginfo: si_signo: 8 (SIGFPE), si_code: 1 (FPE_INTDIV), si_addr: 0x00007fe439a8e1b2

Register to memory mapping:

RAX=0x00000000000003e8 is an unknown value
RBX={method} {0x00007fe410c00d70} 'divideByZero' '()V' in 'NativeLibrary'
RCX=0x0000000000000001 is an unknown value
RDX=0x0 is NULL
RSP=0x00007fe4383fe880 is pointing into the stack for thread: 0x00007fe434023df0
RBP=0x00007fe4383fe880 is pointing into the stack for thread: 0x00007fe434023df0
RSI=0x00007fe4383fe900 is pointing into the stack for thread: 0x00007fe434023df0
RDI=0x00007fe434024098 points into unknown readable memory: 0x00007fe4395e62e0 | e0 62 5e 39 e4 7f 00 00
R8 =0x00007fe434024920 points into unknown readable memory: 0x00007fe410c00650 | 50 06 c0 10 e4 7f 00 00
R9 =0x0000000000000002 is an unknown value
R10=0x00007fe41d60d50b is at code_begin+843 in an Interpreter codelet
method entry point (kind = native)  [0x00007fe41d60d1c0, 0x00007fe41d60da20]  2144 bytes
R11=0x0000000000000101 is an unknown value
R12=0x0 is NULL
R13={method} {0x00007fe410c00d70} 'divideByZero' '()V' in 'NativeLibrary'
R14=0x00007fe4383fe900 is pointing into the stack for thread: 0x00007fe434023df0
R15=0x00007fe434023df0 is a thread


Registers:
RAX=0x00000000000003e8, RBX=0x00007fe410c00d70, RCX=0x0000000000000001, RDX=0x0000000000000000
RSP=0x00007fe4383fe880, RBP=0x00007fe4383fe880, RSI=0x00007fe4383fe900, RDI=0x00007fe434024098
R8 =0x00007fe434024920, R9 =0x0000000000000002, R10=0x00007fe41d60d50b, R11=0x0000000000000101
R12=0x0000000000000000, R13=0x00007fe410c00d70, R14=0x00007fe4383fe900, R15=0x00007fe434023df0
RIP=0x00007fe439a8e1b2, EFLAGS=0x0000000000010202, CSGSFS=0x002b000000000033, ERR=0x0000000000000000
  TRAPNO=0x0000000000000000

Top of Stack: (sp=0x00007fe4383fe880)
0x00007fe4383fe880:   00007fe4383fe8e0 00007fe41d60d53a
0x00007fe4383fe890:   00007fe41d60d276 00007fe4383fe898
0x00007fe4383fe8a0:   00007fe410c00d70 00007fe4383fe900
0x00007fe4383fe8b0:   00007fe410c01200 0000000000000000 

Instructions: (pc=0x00007fe439a8e1b2)
0x00007fe439a8e0b2:   15 48 8b 05 26 2f 00 00 48 85 c0 74 09 ff e0 0f
0x00007fe439a8e0c2:   1f 80 00 00 00 00 c3 0f 1f 80 00 00 00 00 48 8d
0x00007fe439a8e0d2:   3d 61 2f 00 00 48 8d 35 5a 2f 00 00 48 29 fe 48
0x00007fe439a8e0e2:   89 f0 48 c1 ee 3f 48 c1 f8 03 48 01 c6 48 d1 fe
0x00007fe439a8e0f2:   74 14 48 8b 05 f5 2e 00 00 48 85 c0 74 08 ff e0
0x00007fe439a8e102:   66 0f 1f 44 00 00 c3 0f 1f 80 00 00 00 00 f3 0f
0x00007fe439a8e112:   1e fa 80 3d 1d 2f 00 00 00 75 2b 55 48 83 3d d2
0x00007fe439a8e122:   2e 00 00 00 48 89 e5 74 0c 48 8b 3d fe 2e 00 00
0x00007fe439a8e132:   e8 29 ff ff ff e8 64 ff ff ff c6 05 f5 2e 00 00
0x00007fe439a8e142:   01 5d c3 0f 1f 00 c3 0f 1f 80 00 00 00 00 f3 0f
0x00007fe439a8e152:   1e fa e9 77 ff ff ff f3 0f 1e fa 55 48 89 e5 48
0x00007fe439a8e162:   83 ec 20 48 89 7d e8 48 89 75 e0 48 b8 ff ff ff
0x00007fe439a8e172:   ff ff ff ff 7f 48 89 c7 e8 11 ff ff ff 48 89 45
0x00007fe439a8e182:   f8 48 8b 45 f8 48 05 90 01 00 00 c7 00 05 00 00
0x00007fe439a8e192:   00 eb d8 f3 0f 1e fa 55 48 89 e5 48 89 7d e8 48
0x00007fe439a8e1a2:   89 75 e0 c7 45 f8 00 00 00 00 b8 e8 03 00 00 99
0x00007fe439a8e1b2:   f7 7d f8 89 45 fc 90 5d c3 f3 0f 1e fa 55 48 89
0x00007fe439a8e1c2:   e5 48 83 ec 30 48 89 7d e8 48 89 75 e0 48 89 55
0x00007fe439a8e1d2:   d8 48 8b 45 e8 48 8b 00 4c 8b 80 48 05 00 00 48
0x00007fe439a8e1e2:   8b 4d d8 48 8b 45 e8 ba 00 00 00 00 48 89 ce 48
0x00007fe439a8e1f2:   89 c7 41 ff d0 48 89 45 f8 48 8b 45 f8 48 89 c7
0x00007fe439a8e202:   e8 79 fe ff ff c9 c3 f3 0f 1e fa 55 48 89 e5 48
0x00007fe439a8e212:   83 ec 40 48 89 7d d8 48 89 75 d0 48 89 55 c8 48
0x00007fe439a8e222:   8b 45 d8 48 8b 00 48 8b 88 f8 00 00 00 48 8b 55
0x00007fe439a8e232:   c8 48 8b 45 d8 48 89 d6 48 89 c7 ff d1 48 89 45
0x00007fe439a8e242:   f0 48 8b 45 d8 48 8b 00 4c 8b 80 08 01 00 00 48
0x00007fe439a8e252:   8b 75 f0 48 8b 45 d8 48 8d 15 a0 0d 00 00 48 89
0x00007fe439a8e262:   d1 48 8d 15 9a 0d 00 00 48 89 c7 41 ff d0 48 89
0x00007fe439a8e272:   45 f8 48 83 7d f8 00 75 07 b8 ff ff ff ff eb 2e
0x00007fe439a8e282:   48 8b 45 d8 48 8b 00 4c 8b 80 88 01 00 00 48 8b
0x00007fe439a8e292:   55 f8 48 8b 4d c8 48 8b 45 d8 48 89 ce 48 89 c7
0x00007fe439a8e2a2:   b8 00 00 00 00 41 ff d0 89 45 ec 8b 45 ec c9 c3 


Stack slot to memory mapping:
stack at sp + 0 slots: 0x00007fe4383fe8e0 is pointing into the stack for thread: 0x00007fe434023df0
stack at sp + 1 slots: 0x00007fe41d60d53a is at code_begin+890 in an Interpreter codelet
method entry point (kind = native)  [0x00007fe41d60d1c0, 0x00007fe41d60da20]  2144 bytes
stack at sp + 2 slots: 0x00007fe41d60d276 is at code_begin+182 in an Interpreter codelet
method entry point (kind = native)  [0x00007fe41d60d1c0, 0x00007fe41d60da20]  2144 bytes
stack at sp + 3 slots: 0x00007fe4383fe898 is pointing into the stack for thread: 0x00007fe434023df0
stack at sp + 4 slots: {method} {0x00007fe410c00d70} 'divideByZero' '()V' in 'NativeLibrary'
stack at sp + 5 slots: 0x00007fe4383fe900 is pointing into the stack for thread: 0x00007fe434023df0
stack at sp + 6 slots: 0x00007fe410c01200 is pointing into metadata
stack at sp + 7 slots: 0x0 is NULL


---------------  P R O C E S S  ---------------

Threads class SMR info:
_java_thread_list=0x00007fe43418df30, length=11, elements={
0x00007fe434023df0, 0x00007fe43416c080, 0x00007fe43416d460, 0x00007fe4341736d0,
0x00007fe434174a80, 0x00007fe434175e90, 0x00007fe434177840, 0x00007fe434178d70,
0x00007fe4341821d0, 0x00007fe4341898d0, 0x00007fe43418cfa0
}

Java Threads: ( => current thread )
=>0x00007fe434023df0 JavaThread "main" [_thread_in_native, id=42507, stack(0x00007fe438300000,0x00007fe438400000)]
  0x00007fe43416c080 JavaThread "Reference Handler" daemon [_thread_blocked, id=42514, stack(0x00007fe41052e000,0x00007fe41062e000)]
  0x00007fe43416d460 JavaThread "Finalizer" daemon [_thread_blocked, id=42515, stack(0x00007fe41042e000,0x00007fe41052e000)]
  0x00007fe4341736d0 JavaThread "Signal Dispatcher" daemon [_thread_blocked, id=42516, stack(0x00007fe41032e000,0x00007fe41042e000)]
  0x00007fe434174a80 JavaThread "Service Thread" daemon [_thread_blocked, id=42517, stack(0x00007fe41022e000,0x00007fe41032e000)]
  0x00007fe434175e90 JavaThread "Monitor Deflation Thread" daemon [_thread_blocked, id=42518, stack(0x00007fe41012e000,0x00007fe41022e000)]
  0x00007fe434177840 JavaThread "C2 CompilerThread0" daemon [_thread_blocked, id=42519, stack(0x00007fe41002e000,0x00007fe41012e000)]
  0x00007fe434178d70 JavaThread "C1 CompilerThread0" daemon [_thread_blocked, id=42520, stack(0x00007fe3f3900000,0x00007fe3f3a00000)]
  0x00007fe4341821d0 JavaThread "Sweeper thread" daemon [_thread_blocked, id=42521, stack(0x00007fe3f3800000,0x00007fe3f3900000)]
  0x00007fe4341898d0 JavaThread "Notification Thread" daemon [_thread_blocked, id=42522, stack(0x00007fe3f3700000,0x00007fe3f3800000)]
  0x00007fe43418cfa0 JavaThread "Common-Cleaner" daemon [_thread_blocked, id=42524, stack(0x00007fe3f34fe000,0x00007fe3f35fe000)]

Other Threads:
  0x00007fe434168160 VMThread "VM Thread" [stack: 0x00007fe410630000,0x00007fe410730000] [id=42513]
  0x00007fe43418b210 WatcherThread [stack: 0x00007fe3f3600000,0x00007fe3f3700000] [id=42523]
  0x00007fe4340736b0 GCTaskThread "GC Thread#0" [stack: 0x00007fe413cf0000,0x00007fe413df0000] [id=42508]
  0x00007fe4340841c0 ConcurrentGCThread "G1 Main Marker" [stack: 0x00007fe413bee000,0x00007fe413cee000] [id=42509]
  0x00007fe434085120 ConcurrentGCThread "G1 Conc#0" [stack: 0x00007fe413aec000,0x00007fe413bec000] [id=42510]
  0x00007fe434137810 ConcurrentGCThread "G1 Refine#0" [stack: 0x00007fe4111e2000,0x00007fe4112e2000] [id=42511]
  0x00007fe434138700 ConcurrentGCThread "G1 Service" [stack: 0x00007fe4110e0000,0x00007fe4111e0000] [id=42512]

Threads with active compile tasks:

VM state: not at safepoint (normal execution)

VM Mutex/Monitor currently owned by a thread: None

Heap address: 0x000000070ae00000, size: 3922 MB, Compressed Oops mode: Zero based, Oop shift amount: 3

CDS archive(s) mapped at: [0x0000000800000000-0x0000000800bde000-0x0000000800bde000), size 12443648, SharedBaseAddress: 0x0000000800000000, ArchiveRelocationMode: 0.
Compressed class space mapped at: 0x0000000800c00000-0x0000000840c00000, reserved size: 1073741824
Narrow klass base: 0x0000000800000000, Narrow klass shift: 0, Narrow klass range: 0x100000000

GC Precious Log:
 CPUs: 8 total, 8 available
 Memory: 15681M
 Large Page Support: Disabled
 NUMA Support: Disabled
 Compressed Oops: Enabled (Zero based)
 Heap Region Size: 2M
 Heap Min Capacity: 8M
 Heap Initial Capacity: 246M
 Heap Max Capacity: 3922M
 Pre-touch: Disabled
 Parallel Workers: 8
 Concurrent Workers: 2
 Concurrent Refinement Workers: 8
 Periodic GC: Disabled

Heap:
 garbage-first heap   total 256000K, used 2016K [0x000000070ae00000, 0x0000000800000000)
  region size 2048K, 1 young (2048K), 0 survivors (0K)
 Metaspace       used 80K, committed 320K, reserved 1056768K
  class space    used 3K, committed 128K, reserved 1048576K

Heap Regions: E=young(eden), S=young(survivor), O=old, HS=humongous(starts), HC=humongous(continues), CS=collection set, F=free, OA=open archive, CA=closed archive, TAMS=top-at-mark-start (previous, next)
|   0|0x000000070ae00000, 0x000000070ae00000, 0x000000070b000000|  0%| F|  |TAMS 0x000000070ae00000, 0x000000070ae00000| Untracked 
|   1|0x000000070b000000, 0x000000070b000000, 0x000000070b200000|  0%| F|  |TAMS 0x000000070b000000, 0x000000070b000000| Untracked 
|   2|0x000000070b200000, 0x000000070b200000, 0x000000070b400000|  0%| F|  |TAMS 0x000000070b200000, 0x000000070b200000| Untracked 
|   3|0x000000070b400000, 0x000000070b400000, 0x000000070b600000|  0%| F|  |TAMS 0x000000070b400000, 0x000000070b400000| Untracked 
|   4|0x000000070b600000, 0x000000070b600000, 0x000000070b800000|  0%| F|  |TAMS 0x000000070b600000, 0x000000070b600000| Untracked 
|   5|0x000000070b800000, 0x000000070b800000, 0x000000070ba00000|  0%| F|  |TAMS 0x000000070b800000, 0x000000070b800000| Untracked 
|   6|0x000000070ba00000, 0x000000070ba00000, 0x000000070bc00000|  0%| F|  |TAMS 0x000000070ba00000, 0x000000070ba00000| Untracked 
|   7|0x000000070bc00000, 0x000000070bc00000, 0x000000070be00000|  0%| F|  |TAMS 0x000000070bc00000, 0x000000070bc00000| Untracked 
|   8|0x000000070be00000, 0x000000070be00000, 0x000000070c000000|  0%| F|  |TAMS 0x000000070be00000, 0x000000070be00000| Untracked 
|   9|0x000000070c000000, 0x000000070c000000, 0x000000070c200000|  0%| F|  |TAMS 0x000000070c000000, 0x000000070c000000| Untracked 
|  10|0x000000070c200000, 0x000000070c200000, 0x000000070c400000|  0%| F|  |TAMS 0x000000070c200000, 0x000000070c200000| Untracked 
|  11|0x000000070c400000, 0x000000070c400000, 0x000000070c600000|  0%| F|  |TAMS 0x000000070c400000, 0x000000070c400000| Untracked 
|  12|0x000000070c600000, 0x000000070c600000, 0x000000070c800000|  0%| F|  |TAMS 0x000000070c600000, 0x000000070c600000| Untracked 
|  13|0x000000070c800000, 0x000000070c800000, 0x000000070ca00000|  0%| F|  |TAMS 0x000000070c800000, 0x000000070c800000| Untracked 
|  14|0x000000070ca00000, 0x000000070ca00000, 0x000000070cc00000|  0%| F|  |TAMS 0x000000070ca00000, 0x000000070ca00000| Untracked 
|  15|0x000000070cc00000, 0x000000070cc00000, 0x000000070ce00000|  0%| F|  |TAMS 0x000000070cc00000, 0x000000070cc00000| Untracked 
|  16|0x000000070ce00000, 0x000000070ce00000, 0x000000070d000000|  0%| F|  |TAMS 0x000000070ce00000, 0x000000070ce00000| Untracked 
|  17|0x000000070d000000, 0x000000070d000000, 0x000000070d200000|  0%| F|  |TAMS 0x000000070d000000, 0x000000070d000000| Untracked 
|  18|0x000000070d200000, 0x000000070d200000, 0x000000070d400000|  0%| F|  |TAMS 0x000000070d200000, 0x000000070d200000| Untracked 
|  19|0x000000070d400000, 0x000000070d400000, 0x000000070d600000|  0%| F|  |TAMS 0x000000070d400000, 0x000000070d400000| Untracked 
|  20|0x000000070d600000, 0x000000070d600000, 0x000000070d800000|  0%| F|  |TAMS 0x000000070d600000, 0x000000070d600000| Untracked 
|  21|0x000000070d800000, 0x000000070d800000, 0x000000070da00000|  0%| F|  |TAMS 0x000000070d800000, 0x000000070d800000| Untracked 
|  22|0x000000070da00000, 0x000000070da00000, 0x000000070dc00000|  0%| F|  |TAMS 0x000000070da00000, 0x000000070da00000| Untracked 
|  23|0x000000070dc00000, 0x000000070dc00000, 0x000000070de00000|  0%| F|  |TAMS 0x000000070dc00000, 0x000000070dc00000| Untracked 
|  24|0x000000070de00000, 0x000000070de00000, 0x000000070e000000|  0%| F|  |TAMS 0x000000070de00000, 0x000000070de00000| Untracked 
|  25|0x000000070e000000, 0x000000070e000000, 0x000000070e200000|  0%| F|  |TAMS 0x000000070e000000, 0x000000070e000000| Untracked 
|  26|0x000000070e200000, 0x000000070e200000, 0x000000070e400000|  0%| F|  |TAMS 0x000000070e200000, 0x000000070e200000| Untracked 
|  27|0x000000070e400000, 0x000000070e400000, 0x000000070e600000|  0%| F|  |TAMS 0x000000070e400000, 0x000000070e400000| Untracked 
|  28|0x000000070e600000, 0x000000070e600000, 0x000000070e800000|  0%| F|  |TAMS 0x000000070e600000, 0x000000070e600000| Untracked 
|  29|0x000000070e800000, 0x000000070e800000, 0x000000070ea00000|  0%| F|  |TAMS 0x000000070e800000, 0x000000070e800000| Untracked 
|  30|0x000000070ea00000, 0x000000070ea00000, 0x000000070ec00000|  0%| F|  |TAMS 0x000000070ea00000, 0x000000070ea00000| Untracked 
|  31|0x000000070ec00000, 0x000000070ec00000, 0x000000070ee00000|  0%| F|  |TAMS 0x000000070ec00000, 0x000000070ec00000| Untracked 
|  32|0x000000070ee00000, 0x000000070ee00000, 0x000000070f000000|  0%| F|  |TAMS 0x000000070ee00000, 0x000000070ee00000| Untracked 
|  33|0x000000070f000000, 0x000000070f000000, 0x000000070f200000|  0%| F|  |TAMS 0x000000070f000000, 0x000000070f000000| Untracked 
|  34|0x000000070f200000, 0x000000070f200000, 0x000000070f400000|  0%| F|  |TAMS 0x000000070f200000, 0x000000070f200000| Untracked 
|  35|0x000000070f400000, 0x000000070f400000, 0x000000070f600000|  0%| F|  |TAMS 0x000000070f400000, 0x000000070f400000| Untracked 
|  36|0x000000070f600000, 0x000000070f600000, 0x000000070f800000|  0%| F|  |TAMS 0x000000070f600000, 0x000000070f600000| Untracked 
|  37|0x000000070f800000, 0x000000070f800000, 0x000000070fa00000|  0%| F|  |TAMS 0x000000070f800000, 0x000000070f800000| Untracked 
|  38|0x000000070fa00000, 0x000000070fa00000, 0x000000070fc00000|  0%| F|  |TAMS 0x000000070fa00000, 0x000000070fa00000| Untracked 
|  39|0x000000070fc00000, 0x000000070fc00000, 0x000000070fe00000|  0%| F|  |TAMS 0x000000070fc00000, 0x000000070fc00000| Untracked 
|  40|0x000000070fe00000, 0x000000070fe00000, 0x0000000710000000|  0%| F|  |TAMS 0x000000070fe00000, 0x000000070fe00000| Untracked 
|  41|0x0000000710000000, 0x0000000710000000, 0x0000000710200000|  0%| F|  |TAMS 0x0000000710000000, 0x0000000710000000| Untracked 
|  42|0x0000000710200000, 0x0000000710200000, 0x0000000710400000|  0%| F|  |TAMS 0x0000000710200000, 0x0000000710200000| Untracked 
|  43|0x0000000710400000, 0x0000000710400000, 0x0000000710600000|  0%| F|  |TAMS 0x0000000710400000, 0x0000000710400000| Untracked 
|  44|0x0000000710600000, 0x0000000710600000, 0x0000000710800000|  0%| F|  |TAMS 0x0000000710600000, 0x0000000710600000| Untracked 
|  45|0x0000000710800000, 0x0000000710800000, 0x0000000710a00000|  0%| F|  |TAMS 0x0000000710800000, 0x0000000710800000| Untracked 
|  46|0x0000000710a00000, 0x0000000710a00000, 0x0000000710c00000|  0%| F|  |TAMS 0x0000000710a00000, 0x0000000710a00000| Untracked 
|  47|0x0000000710c00000, 0x0000000710c00000, 0x0000000710e00000|  0%| F|  |TAMS 0x0000000710c00000, 0x0000000710c00000| Untracked 
|  48|0x0000000710e00000, 0x0000000710e00000, 0x0000000711000000|  0%| F|  |TAMS 0x0000000710e00000, 0x0000000710e00000| Untracked 
|  49|0x0000000711000000, 0x0000000711000000, 0x0000000711200000|  0%| F|  |TAMS 0x0000000711000000, 0x0000000711000000| Untracked 
|  50|0x0000000711200000, 0x0000000711200000, 0x0000000711400000|  0%| F|  |TAMS 0x0000000711200000, 0x0000000711200000| Untracked 
|  51|0x0000000711400000, 0x0000000711400000, 0x0000000711600000|  0%| F|  |TAMS 0x0000000711400000, 0x0000000711400000| Untracked 
|  52|0x0000000711600000, 0x0000000711600000, 0x0000000711800000|  0%| F|  |TAMS 0x0000000711600000, 0x0000000711600000| Untracked 
|  53|0x0000000711800000, 0x0000000711800000, 0x0000000711a00000|  0%| F|  |TAMS 0x0000000711800000, 0x0000000711800000| Untracked 
|  54|0x0000000711a00000, 0x0000000711a00000, 0x0000000711c00000|  0%| F|  |TAMS 0x0000000711a00000, 0x0000000711a00000| Untracked 
|  55|0x0000000711c00000, 0x0000000711c00000, 0x0000000711e00000|  0%| F|  |TAMS 0x0000000711c00000, 0x0000000711c00000| Untracked 
|  56|0x0000000711e00000, 0x0000000711e00000, 0x0000000712000000|  0%| F|  |TAMS 0x0000000711e00000, 0x0000000711e00000| Untracked 
|  57|0x0000000712000000, 0x0000000712000000, 0x0000000712200000|  0%| F|  |TAMS 0x0000000712000000, 0x0000000712000000| Untracked 
|  58|0x0000000712200000, 0x0000000712200000, 0x0000000712400000|  0%| F|  |TAMS 0x0000000712200000, 0x0000000712200000| Untracked 
|  59|0x0000000712400000, 0x0000000712400000, 0x0000000712600000|  0%| F|  |TAMS 0x0000000712400000, 0x0000000712400000| Untracked 
|  60|0x0000000712600000, 0x0000000712600000, 0x0000000712800000|  0%| F|  |TAMS 0x0000000712600000, 0x0000000712600000| Untracked 
|  61|0x0000000712800000, 0x0000000712800000, 0x0000000712a00000|  0%| F|  |TAMS 0x0000000712800000, 0x0000000712800000| Untracked 
|  62|0x0000000712a00000, 0x0000000712a00000, 0x0000000712c00000|  0%| F|  |TAMS 0x0000000712a00000, 0x0000000712a00000| Untracked 
|  63|0x0000000712c00000, 0x0000000712c00000, 0x0000000712e00000|  0%| F|  |TAMS 0x0000000712c00000, 0x0000000712c00000| Untracked 
|  64|0x0000000712e00000, 0x0000000712e00000, 0x0000000713000000|  0%| F|  |TAMS 0x0000000712e00000, 0x0000000712e00000| Untracked 
|  65|0x0000000713000000, 0x0000000713000000, 0x0000000713200000|  0%| F|  |TAMS 0x0000000713000000, 0x0000000713000000| Untracked 
|  66|0x0000000713200000, 0x0000000713200000, 0x0000000713400000|  0%| F|  |TAMS 0x0000000713200000, 0x0000000713200000| Untracked 
|  67|0x0000000713400000, 0x0000000713400000, 0x0000000713600000|  0%| F|  |TAMS 0x0000000713400000, 0x0000000713400000| Untracked 
|  68|0x0000000713600000, 0x0000000713600000, 0x0000000713800000|  0%| F|  |TAMS 0x0000000713600000, 0x0000000713600000| Untracked 
|  69|0x0000000713800000, 0x0000000713800000, 0x0000000713a00000|  0%| F|  |TAMS 0x0000000713800000, 0x0000000713800000| Untracked 
|  70|0x0000000713a00000, 0x0000000713a00000, 0x0000000713c00000|  0%| F|  |TAMS 0x0000000713a00000, 0x0000000713a00000| Untracked 
|  71|0x0000000713c00000, 0x0000000713c00000, 0x0000000713e00000|  0%| F|  |TAMS 0x0000000713c00000, 0x0000000713c00000| Untracked 
|  72|0x0000000713e00000, 0x0000000713e00000, 0x0000000714000000|  0%| F|  |TAMS 0x0000000713e00000, 0x0000000713e00000| Untracked 
|  73|0x0000000714000000, 0x0000000714000000, 0x0000000714200000|  0%| F|  |TAMS 0x0000000714000000, 0x0000000714000000| Untracked 
|  74|0x0000000714200000, 0x0000000714200000, 0x0000000714400000|  0%| F|  |TAMS 0x0000000714200000, 0x0000000714200000| Untracked 
|  75|0x0000000714400000, 0x0000000714400000, 0x0000000714600000|  0%| F|  |TAMS 0x0000000714400000, 0x0000000714400000| Untracked 
|  76|0x0000000714600000, 0x0000000714600000, 0x0000000714800000|  0%| F|  |TAMS 0x0000000714600000, 0x0000000714600000| Untracked 
|  77|0x0000000714800000, 0x0000000714800000, 0x0000000714a00000|  0%| F|  |TAMS 0x0000000714800000, 0x0000000714800000| Untracked 
|  78|0x0000000714a00000, 0x0000000714a00000, 0x0000000714c00000|  0%| F|  |TAMS 0x0000000714a00000, 0x0000000714a00000| Untracked 
|  79|0x0000000714c00000, 0x0000000714c00000, 0x0000000714e00000|  0%| F|  |TAMS 0x0000000714c00000, 0x0000000714c00000| Untracked 
|  80|0x0000000714e00000, 0x0000000714e00000, 0x0000000715000000|  0%| F|  |TAMS 0x0000000714e00000, 0x0000000714e00000| Untracked 
|  81|0x0000000715000000, 0x0000000715000000, 0x0000000715200000|  0%| F|  |TAMS 0x0000000715000000, 0x0000000715000000| Untracked 
|  82|0x0000000715200000, 0x0000000715200000, 0x0000000715400000|  0%| F|  |TAMS 0x0000000715200000, 0x0000000715200000| Untracked 
|  83|0x0000000715400000, 0x0000000715400000, 0x0000000715600000|  0%| F|  |TAMS 0x0000000715400000, 0x0000000715400000| Untracked 
|  84|0x0000000715600000, 0x0000000715600000, 0x0000000715800000|  0%| F|  |TAMS 0x0000000715600000, 0x0000000715600000| Untracked 
|  85|0x0000000715800000, 0x0000000715800000, 0x0000000715a00000|  0%| F|  |TAMS 0x0000000715800000, 0x0000000715800000| Untracked 
|  86|0x0000000715a00000, 0x0000000715a00000, 0x0000000715c00000|  0%| F|  |TAMS 0x0000000715a00000, 0x0000000715a00000| Untracked 
|  87|0x0000000715c00000, 0x0000000715c00000, 0x0000000715e00000|  0%| F|  |TAMS 0x0000000715c00000, 0x0000000715c00000| Untracked 
|  88|0x0000000715e00000, 0x0000000715e00000, 0x0000000716000000|  0%| F|  |TAMS 0x0000000715e00000, 0x0000000715e00000| Untracked 
|  89|0x0000000716000000, 0x0000000716000000, 0x0000000716200000|  0%| F|  |TAMS 0x0000000716000000, 0x0000000716000000| Untracked 
|  90|0x0000000716200000, 0x0000000716200000, 0x0000000716400000|  0%| F|  |TAMS 0x0000000716200000, 0x0000000716200000| Untracked 
|  91|0x0000000716400000, 0x0000000716400000, 0x0000000716600000|  0%| F|  |TAMS 0x0000000716400000, 0x0000000716400000| Untracked 
|  92|0x0000000716600000, 0x0000000716600000, 0x0000000716800000|  0%| F|  |TAMS 0x0000000716600000, 0x0000000716600000| Untracked 
|  93|0x0000000716800000, 0x0000000716800000, 0x0000000716a00000|  0%| F|  |TAMS 0x0000000716800000, 0x0000000716800000| Untracked 
|  94|0x0000000716a00000, 0x0000000716a00000, 0x0000000716c00000|  0%| F|  |TAMS 0x0000000716a00000, 0x0000000716a00000| Untracked 
|  95|0x0000000716c00000, 0x0000000716c00000, 0x0000000716e00000|  0%| F|  |TAMS 0x0000000716c00000, 0x0000000716c00000| Untracked 
|  96|0x0000000716e00000, 0x0000000716e00000, 0x0000000717000000|  0%| F|  |TAMS 0x0000000716e00000, 0x0000000716e00000| Untracked 
|  97|0x0000000717000000, 0x0000000717000000, 0x0000000717200000|  0%| F|  |TAMS 0x0000000717000000, 0x0000000717000000| Untracked 
|  98|0x0000000717200000, 0x0000000717200000, 0x0000000717400000|  0%| F|  |TAMS 0x0000000717200000, 0x0000000717200000| Untracked 
|  99|0x0000000717400000, 0x0000000717400000, 0x0000000717600000|  0%| F|  |TAMS 0x0000000717400000, 0x0000000717400000| Untracked 
| 100|0x0000000717600000, 0x0000000717600000, 0x0000000717800000|  0%| F|  |TAMS 0x0000000717600000, 0x0000000717600000| Untracked 
| 101|0x0000000717800000, 0x0000000717800000, 0x0000000717a00000|  0%| F|  |TAMS 0x0000000717800000, 0x0000000717800000| Untracked 
| 102|0x0000000717a00000, 0x0000000717a00000, 0x0000000717c00000|  0%| F|  |TAMS 0x0000000717a00000, 0x0000000717a00000| Untracked 
| 103|0x0000000717c00000, 0x0000000717c00000, 0x0000000717e00000|  0%| F|  |TAMS 0x0000000717c00000, 0x0000000717c00000| Untracked 
| 104|0x0000000717e00000, 0x0000000717e00000, 0x0000000718000000|  0%| F|  |TAMS 0x0000000717e00000, 0x0000000717e00000| Untracked 
| 105|0x0000000718000000, 0x0000000718000000, 0x0000000718200000|  0%| F|  |TAMS 0x0000000718000000, 0x0000000718000000| Untracked 
| 106|0x0000000718200000, 0x0000000718200000, 0x0000000718400000|  0%| F|  |TAMS 0x0000000718200000, 0x0000000718200000| Untracked 
| 107|0x0000000718400000, 0x0000000718400000, 0x0000000718600000|  0%| F|  |TAMS 0x0000000718400000, 0x0000000718400000| Untracked 
| 108|0x0000000718600000, 0x0000000718600000, 0x0000000718800000|  0%| F|  |TAMS 0x0000000718600000, 0x0000000718600000| Untracked 
| 109|0x0000000718800000, 0x0000000718800000, 0x0000000718a00000|  0%| F|  |TAMS 0x0000000718800000, 0x0000000718800000| Untracked 
| 110|0x0000000718a00000, 0x0000000718a00000, 0x0000000718c00000|  0%| F|  |TAMS 0x0000000718a00000, 0x0000000718a00000| Untracked 
| 111|0x0000000718c00000, 0x0000000718c00000, 0x0000000718e00000|  0%| F|  |TAMS 0x0000000718c00000, 0x0000000718c00000| Untracked 
| 112|0x0000000718e00000, 0x0000000718e00000, 0x0000000719000000|  0%| F|  |TAMS 0x0000000718e00000, 0x0000000718e00000| Untracked 
| 113|0x0000000719000000, 0x0000000719000000, 0x0000000719200000|  0%| F|  |TAMS 0x0000000719000000, 0x0000000719000000| Untracked 
| 114|0x0000000719200000, 0x0000000719200000, 0x0000000719400000|  0%| F|  |TAMS 0x0000000719200000, 0x0000000719200000| Untracked 
| 115|0x0000000719400000, 0x0000000719400000, 0x0000000719600000|  0%| F|  |TAMS 0x0000000719400000, 0x0000000719400000| Untracked 
| 116|0x0000000719600000, 0x0000000719600000, 0x0000000719800000|  0%| F|  |TAMS 0x0000000719600000, 0x0000000719600000| Untracked 
| 117|0x0000000719800000, 0x0000000719800000, 0x0000000719a00000|  0%| F|  |TAMS 0x0000000719800000, 0x0000000719800000| Untracked 
| 118|0x0000000719a00000, 0x0000000719a00000, 0x0000000719c00000|  0%| F|  |TAMS 0x0000000719a00000, 0x0000000719a00000| Untracked 
| 119|0x0000000719c00000, 0x0000000719c00000, 0x0000000719e00000|  0%| F|  |TAMS 0x0000000719c00000, 0x0000000719c00000| Untracked 
| 120|0x0000000719e00000, 0x0000000719e00000, 0x000000071a000000|  0%| F|  |TAMS 0x0000000719e00000, 0x0000000719e00000| Untracked 
| 121|0x000000071a000000, 0x000000071a000000, 0x000000071a200000|  0%| F|  |TAMS 0x000000071a000000, 0x000000071a000000| Untracked 
| 122|0x000000071a200000, 0x000000071a2e1490, 0x000000071a400000| 44%| E|  |TAMS 0x000000071a200000, 0x000000071a200000| Complete 
|1959|0x00000007ffc00000, 0x00000007ffd76000, 0x00000007ffe00000| 73%|OA|  |TAMS 0x00000007ffc00000, 0x00000007ffc00000| Untracked 
|1960|0x00000007ffe00000, 0x00000007ffe82000, 0x0000000800000000| 25%|CA|  |TAMS 0x00000007ffe00000, 0x00000007ffe00000| Untracked 

Card table byte_map: [0x00007fe41c0a8000,0x00007fe41c851000] _byte_map_base: 0x00007fe418851000

Marking Bits (Prev, Next): (CMBitMap*) 0x00007fe434074130, (CMBitMap*) 0x00007fe434074170
 Prev Bits: [0x00007fe417bb7000, 0x00007fe41b8ff000)
 Next Bits: [0x00007fe413e6f000, 0x00007fe417bb7000)

Polling page: 0x00007fe439a9a000

Metaspace:

Usage:
  Non-class:     76,82 KB used.
      Class:      3,89 KB used.
       Both:     80,71 KB used.

Virtual space:
  Non-class space:        8,00 MB reserved,     192,00 KB (  2%) committed,  1 nodes.
      Class space:        1,00 GB reserved,     128,00 KB ( <1%) committed,  1 nodes.
             Both:        1,01 GB reserved,     320,00 KB ( <1%) committed. 

Chunk freelists:
   Non-Class:  3,99 MB
       Class:  3,75 MB
        Both:  7,74 MB

MaxMetaspaceSize: unlimited
CompressedClassSpaceSize: 1,00 GB
Initial GC threshold: 21,00 MB
Current GC threshold: 21,00 MB
CDS: on
MetaspaceReclaimPolicy: balanced
 - commit_granule_bytes: 65536.
 - commit_granule_words: 8192.
 - virtual_space_node_default_size: 1048576.
 - enlarge_chunks_in_place: 1.
 - new_chunks_are_fully_committed: 0.
 - uncommit_free_chunks: 1.
 - use_allocation_guard: 0.
 - handle_deallocations: 1.


Internal statistics:

num_allocs_failed_limit: 0.
num_arena_births: 4.
num_arena_deaths: 0.
num_vsnodes_births: 2.
num_vsnodes_deaths: 0.
num_space_committed: 5.
num_space_uncommitted: 0.
num_chunks_returned_to_freelist: 0.
num_chunks_taken_from_freelist: 5.
num_chunk_merges: 0.
num_chunk_splits: 2.
num_chunks_enlarged: 1.
num_purges: 0.
num_inconsistent_stats: 0.

CodeHeap 'non-profiled nmethods': size=120028Kb used=0Kb max_used=0Kb free=120028Kb
 bounds [0x00007fe4250c9000, 0x00007fe425339000, 0x00007fe42c600000]
CodeHeap 'profiled nmethods': size=120028Kb used=5Kb max_used=5Kb free=120022Kb
 bounds [0x00007fe41db92000, 0x00007fe41de02000, 0x00007fe4250c9000]
CodeHeap 'non-nmethods': size=5704Kb used=1032Kb max_used=1044Kb free=4671Kb
 bounds [0x00007fe41d600000, 0x00007fe41d870000, 0x00007fe41db92000]
 total_blobs=284 nmethods=5 adapters=194
 compilation: enabled
              stopped_count=0, restarted_count=0
 full_count=0

Compilation events (10 events):
Event: 0,022 Thread 0x00007fe434178d70    1       3       java.lang.Object::<init> (1 bytes)
Event: 0,023 Thread 0x00007fe434178d70 nmethod 1 0x00007fe41db92010 code [0x00007fe41db921a0, 0x00007fe41db922b0]
Event: 0,027 Thread 0x00007fe434178d70    2       3       java.lang.String::hashCode (60 bytes)
Event: 0,028 Thread 0x00007fe434178d70 nmethod 2 0x00007fe41db92390 code [0x00007fe41db92560, 0x00007fe41db928b0]
Event: 0,028 Thread 0x00007fe434178d70    3       3       java.lang.String::coder (15 bytes)
Event: 0,028 Thread 0x00007fe434178d70 nmethod 3 0x00007fe41db92990 code [0x00007fe41db92b20, 0x00007fe41db92c50]
Event: 0,030 Thread 0x00007fe434178d70    4       3       java.lang.String::length (11 bytes)
Event: 0,030 Thread 0x00007fe434178d70 nmethod 4 0x00007fe41db92d10 code [0x00007fe41db92ec0, 0x00007fe41db93050]
Event: 0,030 Thread 0x00007fe434178d70    5       3       java.lang.String::isLatin1 (19 bytes)
Event: 0,031 Thread 0x00007fe434178d70 nmethod 5 0x00007fe41db93110 code [0x00007fe41db932a0, 0x00007fe41db93410]

GC Heap History (0 events):
No events

Deoptimization events (0 events):
No events

Classes unloaded (0 events):
No events

Classes redefined (0 events):
No events

Internal exceptions (0 events):
No events

VM Operations (0 events):
No events

Events (20 events):
Event: 0,021 Protecting memory [0x00007fe41022e000,0x00007fe410232000] with protection modes 0
Event: 0,021 Thread 0x00007fe434175e90 Thread added: 0x00007fe434175e90
Event: 0,021 Protecting memory [0x00007fe41012e000,0x00007fe410132000] with protection modes 0
Event: 0,021 Thread 0x00007fe434177840 Thread added: 0x00007fe434177840
Event: 0,021 Protecting memory [0x00007fe41002e000,0x00007fe410032000] with protection modes 0
Event: 0,021 Thread 0x00007fe434178d70 Thread added: 0x00007fe434178d70
Event: 0,021 Protecting memory [0x00007fe3f3900000,0x00007fe3f3904000] with protection modes 0
Event: 0,021 Thread 0x00007fe4341821d0 Thread added: 0x00007fe4341821d0
Event: 0,021 Protecting memory [0x00007fe3f3800000,0x00007fe3f3804000] with protection modes 0
Event: 0,026 Thread 0x00007fe4341898d0 Thread added: 0x00007fe4341898d0
Event: 0,026 Protecting memory [0x00007fe3f3700000,0x00007fe3f3704000] with protection modes 0
Event: 0,026 loading class jdk/internal/vm/PostVMInitHook
Event: 0,026 loading class jdk/internal/vm/PostVMInitHook done
Event: 0,027 loading class jdk/internal/loader/URLClassPath$FileLoader
Event: 0,027 loading class jdk/internal/loader/URLClassPath$FileLoader done
Event: 0,028 loading class jdk/internal/loader/URLClassPath$FileLoader$1
Event: 0,028 loading class jdk/internal/loader/URLClassPath$FileLoader$1 done
Event: 0,028 Thread 0x00007fe43418cfa0 Thread added: 0x00007fe43418cfa0
Event: 0,028 Protecting memory [0x00007fe3f34fe000,0x00007fe3f3502000] with protection modes 0
Event: 0,031 Loaded shared library /home/ann/projects/java-optimization/task4/src/main/c/libnative.so


Dynamic libraries:
70ae00000-71a400000 rw-p 00000000 00:00 0 
71a400000-7ffc00000 ---p 00000000 00:00 0 
7ffc00000-7ffd00000 rw-p 00000000 00:00 0 
7ffd00000-7ffd76000 rw-p 00c99000 103:06 4719955                         /home/ann/.jdks/openjdk-17.0.2/lib/server/classes.jsa
7ffd76000-7ffe00000 rw-p 00000000 00:00 0 
7ffe00000-7ffe82000 rw-p 00c17000 103:06 4719955                         /home/ann/.jdks/openjdk-17.0.2/lib/server/classes.jsa
7ffe82000-800000000 rw-p 00000000 00:00 0 
800000000-800457000 rw-p 00001000 103:06 4719955                         /home/ann/.jdks/openjdk-17.0.2/lib/server/classes.jsa
800457000-800bde000 r--p 00458000 103:06 4719955                         /home/ann/.jdks/openjdk-17.0.2/lib/server/classes.jsa
800bde000-800c00000 ---p 00000000 00:00 0 
800c00000-800c10000 rw-p 00000000 00:00 0 
800c10000-800c40000 ---p 00000000 00:00 0 
800c40000-800c50000 rw-p 00000000 00:00 0 
800c50000-840c00000 ---p 00000000 00:00 0 
5618f4917000-5618f4918000 r-xp 00000000 103:06 4463494                   /home/ann/.jdks/openjdk-17.0.2/bin/java
5618f4919000-5618f491a000 r--p 00001000 103:06 4463494                   /home/ann/.jdks/openjdk-17.0.2/bin/java
5618f491a000-5618f491b000 rw-p 00002000 103:06 4463494                   /home/ann/.jdks/openjdk-17.0.2/bin/java
5618f62d7000-5618f62f8000 rw-p 00000000 00:00 0                          [heap]
7fe3c8000000-7fe3c8021000 rw-p 00000000 00:00 0 
7fe3c8021000-7fe3cc000000 ---p 00000000 00:00 0 
7fe3cc000000-7fe3cc021000 rw-p 00000000 00:00 0 
7fe3cc021000-7fe3d0000000 ---p 00000000 00:00 0 
7fe3d0000000-7fe3d0021000 rw-p 00000000 00:00 0 
7fe3d0021000-7fe3d4000000 ---p 00000000 00:00 0 
7fe3d4000000-7fe3d4021000 rw-p 00000000 00:00 0 
7fe3d4021000-7fe3d8000000 ---p 00000000 00:00 0 
7fe3d8000000-7fe3d8066000 rw-p 00000000 00:00 0 
7fe3d8066000-7fe3dc000000 ---p 00000000 00:00 0 
7fe3dc000000-7fe3dc021000 rw-p 00000000 00:00 0 
7fe3dc021000-7fe3e0000000 ---p 00000000 00:00 0 
7fe3e0000000-7fe3e0021000 rw-p 00000000 00:00 0 
7fe3e0021000-7fe3e4000000 ---p 00000000 00:00 0 
7fe3e4000000-7fe3e4021000 rw-p 00000000 00:00 0 
7fe3e4021000-7fe3e8000000 ---p 00000000 00:00 0 
7fe3e8000000-7fe3e8021000 rw-p 00000000 00:00 0 
7fe3e8021000-7fe3ec000000 ---p 00000000 00:00 0 
7fe3ec000000-7fe3ec021000 rw-p 00000000 00:00 0 
7fe3ec021000-7fe3f0000000 ---p 00000000 00:00 0 
7fe3f3150000-7fe3f34fe000 rw-p 00000000 00:00 0 
7fe3f34fe000-7fe3f3502000 ---p 00000000 00:00 0 
7fe3f3502000-7fe3f35fe000 rw-p 00000000 00:00 0 
7fe3f35fe000-7fe3f35ff000 ---p 00000000 00:00 0 
7fe3f35ff000-7fe3f3700000 rw-p 00000000 00:00 0 
7fe3f3700000-7fe3f3704000 ---p 00000000 00:00 0 
7fe3f3704000-7fe3f3800000 rw-p 00000000 00:00 0 
7fe3f3800000-7fe3f3804000 ---p 00000000 00:00 0 
7fe3f3804000-7fe3f3900000 rw-p 00000000 00:00 0 
7fe3f3900000-7fe3f3904000 ---p 00000000 00:00 0 
7fe3f3904000-7fe3f3a00000 rw-p 00000000 00:00 0 
7fe3f3a00000-7fe3f3f75000 r--p 00000000 103:06 1444011                   /usr/lib/locale/locale-archive
7fe3f4000000-7fe3f4021000 rw-p 00000000 00:00 0 
7fe3f4021000-7fe3f8000000 ---p 00000000 00:00 0 
7fe3f8000000-7fe3f8021000 rw-p 00000000 00:00 0 
7fe3f8021000-7fe3fc000000 ---p 00000000 00:00 0 
7fe3fc000000-7fe3fc021000 rw-p 00000000 00:00 0 
7fe3fc021000-7fe400000000 ---p 00000000 00:00 0 
7fe400000000-7fe400021000 rw-p 00000000 00:00 0 
7fe400021000-7fe404000000 ---p 00000000 00:00 0 
7fe404000000-7fe404021000 rw-p 00000000 00:00 0 
7fe404021000-7fe408000000 ---p 00000000 00:00 0 
7fe408000000-7fe408021000 rw-p 00000000 00:00 0 
7fe408021000-7fe40c000000 ---p 00000000 00:00 0 
7fe40c000000-7fe40c021000 rw-p 00000000 00:00 0 
7fe40c021000-7fe410000000 ---p 00000000 00:00 0 
7fe41002e000-7fe410032000 ---p 00000000 00:00 0 
7fe410032000-7fe41012e000 rw-p 00000000 00:00 0 
7fe41012e000-7fe410132000 ---p 00000000 00:00 0 
7fe410132000-7fe41022e000 rw-p 00000000 00:00 0 
7fe41022e000-7fe410232000 ---p 00000000 00:00 0 
7fe410232000-7fe41032e000 rw-p 00000000 00:00 0 
7fe41032e000-7fe410332000 ---p 00000000 00:00 0 
7fe410332000-7fe41042e000 rw-p 00000000 00:00 0 
7fe41042e000-7fe410432000 ---p 00000000 00:00 0 
7fe410432000-7fe41052e000 rw-p 00000000 00:00 0 
7fe41052e000-7fe410532000 ---p 00000000 00:00 0 
7fe410532000-7fe41062e000 rw-p 00000000 00:00 0 
7fe41062e000-7fe41062f000 ---p 00000000 00:00 0 
7fe41062f000-7fe410730000 rw-p 00000000 00:00 0 
7fe410730000-7fe4107fe000 r-xp 00000000 103:06 4466137                   /home/ann/.jdks/openjdk-17.0.2/lib/libjsvml.so
7fe4107fe000-7fe4107ff000 r--p 000cd000 103:06 4466137                   /home/ann/.jdks/openjdk-17.0.2/lib/libjsvml.so
7fe4107ff000-7fe410800000 rw-p 000ce000 103:06 4466137                   /home/ann/.jdks/openjdk-17.0.2/lib/libjsvml.so
7fe410800000-7fe410820000 rw-p 00000000 00:00 0 
7fe410820000-7fe410c00000 ---p 00000000 00:00 0 
7fe410c00000-7fe410c10000 rw-p 00000000 00:00 0 
7fe410c10000-7fe411000000 ---p 00000000 00:00 0 
7fe411002000-7fe4110de000 rw-p 00000000 00:00 0 
7fe4110de000-7fe4110df000 ---p 00000000 00:00 0 
7fe4110df000-7fe4111e0000 rw-p 00000000 00:00 0 
7fe4111e0000-7fe4111e1000 ---p 00000000 00:00 0 
7fe4111e1000-7fe413aea000 rw-p 00000000 00:00 0 
7fe413aea000-7fe413aeb000 ---p 00000000 00:00 0 
7fe413aeb000-7fe413bec000 rw-p 00000000 00:00 0 
7fe413bec000-7fe413bed000 ---p 00000000 00:00 0 
7fe413bed000-7fe413cee000 rw-p 00000000 00:00 0 
7fe413cee000-7fe413cef000 ---p 00000000 00:00 0 
7fe413cef000-7fe414247000 rw-p 00000000 00:00 0 
7fe414247000-7fe417ba7000 ---p 00000000 00:00 0 
7fe417ba7000-7fe417f8f000 rw-p 00000000 00:00 0 
7fe417f8f000-7fe41b8ef000 ---p 00000000 00:00 0 
7fe41b8ef000-7fe41b97a000 rw-p 00000000 00:00 0 
7fe41b97a000-7fe41c0a6000 ---p 00000000 00:00 0 
7fe41c0a6000-7fe41c123000 rw-p 00000000 00:00 0 
7fe41c123000-7fe41c84f000 ---p 00000000 00:00 0 
7fe41c84f000-7fe41c8cc000 rw-p 00000000 00:00 0 
7fe41c8cc000-7fe41cff8000 ---p 00000000 00:00 0 
7fe41cff8000-7fe41d600000 rw-p 00000000 00:00 0 
7fe41d600000-7fe41d870000 rwxp 00000000 00:00 0 
7fe41d870000-7fe41db92000 ---p 00000000 00:00 0 
7fe41db92000-7fe41de02000 rwxp 00000000 00:00 0 
7fe41de02000-7fe4250c9000 ---p 00000000 00:00 0 
7fe4250c9000-7fe425339000 rwxp 00000000 00:00 0 
7fe425339000-7fe42c600000 ---p 00000000 00:00 0 
7fe42c600000-7fe433eeb000 r--s 00000000 103:06 4466153                   /home/ann/.jdks/openjdk-17.0.2/lib/modules
7fe433eff000-7fe434000000 rw-p 00000000 00:00 0 
7fe434000000-7fe43419b000 rw-p 00000000 00:00 0 
7fe43419b000-7fe438000000 ---p 00000000 00:00 0 
7fe438029000-7fe43812f000 rw-p 00000000 00:00 0 
7fe43812f000-7fe438215000 ---p 00000000 00:00 0 
7fe438215000-7fe43821a000 rw-p 00000000 00:00 0 
7fe43821a000-7fe438300000 ---p 00000000 00:00 0 
7fe438300000-7fe438304000 ---p 00000000 00:00 0 
7fe438304000-7fe438400000 rw-p 00000000 00:00 0 
7fe438400000-7fe43952a000 r-xp 00000000 103:06 4720018                   /home/ann/.jdks/openjdk-17.0.2/lib/server/libjvm.so
7fe43952a000-7fe43952b000 ---p 0112a000 103:06 4720018                   /home/ann/.jdks/openjdk-17.0.2/lib/server/libjvm.so
7fe43952b000-7fe4395e0000 r--p 0112a000 103:06 4720018                   /home/ann/.jdks/openjdk-17.0.2/lib/server/libjvm.so
7fe4395e0000-7fe439613000 rw-p 011df000 103:06 4720018                   /home/ann/.jdks/openjdk-17.0.2/lib/server/libjvm.so
7fe439613000-7fe43966d000 rw-p 00000000 00:00 0 
7fe43969d000-7fe4396a4000 r--s 00000000 103:06 1971335                   /usr/lib/x86_64-linux-gnu/gconv/gconv-modules.cache
7fe4396a4000-7fe4396ea000 rw-p 00000000 00:00 0 
7fe4396ea000-7fe4396f1000 ---p 00000000 00:00 0 
7fe4396f1000-7fe439715000 r-xp 00000000 103:06 4466129                   /home/ann/.jdks/openjdk-17.0.2/lib/libjava.so
7fe439715000-7fe439716000 ---p 00024000 103:06 4466129                   /home/ann/.jdks/openjdk-17.0.2/lib/libjava.so
7fe439716000-7fe439717000 r--p 00024000 103:06 4466129                   /home/ann/.jdks/openjdk-17.0.2/lib/libjava.so
7fe439717000-7fe439718000 rw-p 00025000 103:06 4466129                   /home/ann/.jdks/openjdk-17.0.2/lib/libjava.so
7fe439718000-7fe439719000 rw-p 00000000 00:00 0 
7fe439719000-7fe439727000 r--p 00000000 103:06 1448314                   /usr/lib/x86_64-linux-gnu/libm.so.6
7fe439727000-7fe4397a3000 r-xp 0000e000 103:06 1448314                   /usr/lib/x86_64-linux-gnu/libm.so.6
7fe4397a3000-7fe4397fe000 r--p 0008a000 103:06 1448314                   /usr/lib/x86_64-linux-gnu/libm.so.6
7fe4397fe000-7fe4397ff000 r--p 000e4000 103:06 1448314                   /usr/lib/x86_64-linux-gnu/libm.so.6
7fe4397ff000-7fe439800000 rw-p 000e5000 103:06 1448314                   /usr/lib/x86_64-linux-gnu/libm.so.6
7fe439800000-7fe439828000 r--p 00000000 103:06 1448309                   /usr/lib/x86_64-linux-gnu/libc.so.6
7fe439828000-7fe4399bd000 r-xp 00028000 103:06 1448309                   /usr/lib/x86_64-linux-gnu/libc.so.6
7fe4399bd000-7fe439a15000 r--p 001bd000 103:06 1448309                   /usr/lib/x86_64-linux-gnu/libc.so.6
7fe439a15000-7fe439a19000 r--p 00214000 103:06 1448309                   /usr/lib/x86_64-linux-gnu/libc.so.6
7fe439a19000-7fe439a1b000 rw-p 00218000 103:06 1448309                   /usr/lib/x86_64-linux-gnu/libc.so.6
7fe439a1b000-7fe439a28000 rw-p 00000000 00:00 0 
7fe439a29000-7fe439a44000 r-xp 00000000 103:06 4466133                   /home/ann/.jdks/openjdk-17.0.2/lib/libjimage.so
7fe439a44000-7fe439a45000 ---p 0001b000 103:06 4466133                   /home/ann/.jdks/openjdk-17.0.2/lib/libjimage.so
7fe439a45000-7fe439a47000 r--p 0001b000 103:06 4466133                   /home/ann/.jdks/openjdk-17.0.2/lib/libjimage.so
7fe439a47000-7fe439a48000 rw-p 0001d000 103:06 4466133                   /home/ann/.jdks/openjdk-17.0.2/lib/libjimage.so
7fe439a48000-7fe439a49000 r--p 00000000 103:06 1448335                   /usr/lib/x86_64-linux-gnu/librt.so.1
7fe439a49000-7fe439a4a000 r-xp 00001000 103:06 1448335                   /usr/lib/x86_64-linux-gnu/librt.so.1
7fe439a4a000-7fe439a4b000 r--p 00002000 103:06 1448335                   /usr/lib/x86_64-linux-gnu/librt.so.1
7fe439a4b000-7fe439a4c000 r--p 00002000 103:06 1448335                   /usr/lib/x86_64-linux-gnu/librt.so.1
7fe439a4c000-7fe439a4d000 rw-p 00003000 103:06 1448335                   /usr/lib/x86_64-linux-gnu/librt.so.1
7fe439a4d000-7fe439a52000 rw-p 00000000 00:00 0 
7fe439a52000-7fe439a53000 r--p 00000000 103:06 1448312                   /usr/lib/x86_64-linux-gnu/libdl.so.2
7fe439a53000-7fe439a54000 r-xp 00001000 103:06 1448312                   /usr/lib/x86_64-linux-gnu/libdl.so.2
7fe439a54000-7fe439a55000 r--p 00002000 103:06 1448312                   /usr/lib/x86_64-linux-gnu/libdl.so.2
7fe439a55000-7fe439a56000 r--p 00002000 103:06 1448312                   /usr/lib/x86_64-linux-gnu/libdl.so.2
7fe439a56000-7fe439a57000 rw-p 00003000 103:06 1448312                   /usr/lib/x86_64-linux-gnu/libdl.so.2
7fe439a57000-7fe439a58000 r--p 00000000 103:06 1448331                   /usr/lib/x86_64-linux-gnu/libpthread.so.0
7fe439a58000-7fe439a59000 r-xp 00001000 103:06 1448331                   /usr/lib/x86_64-linux-gnu/libpthread.so.0
7fe439a59000-7fe439a5a000 r--p 00002000 103:06 1448331                   /usr/lib/x86_64-linux-gnu/libpthread.so.0
7fe439a5a000-7fe439a5b000 r--p 00002000 103:06 1448331                   /usr/lib/x86_64-linux-gnu/libpthread.so.0
7fe439a5b000-7fe439a5c000 rw-p 00003000 103:06 1448331                   /usr/lib/x86_64-linux-gnu/libpthread.so.0
7fe439a5c000-7fe439a6b000 r-xp 00000000 103:06 4466134                   /home/ann/.jdks/openjdk-17.0.2/lib/libjli.so
7fe439a6b000-7fe439a6c000 r--p 0000e000 103:06 4466134                   /home/ann/.jdks/openjdk-17.0.2/lib/libjli.so
7fe439a6c000-7fe439a6d000 rw-p 0000f000 103:06 4466134                   /home/ann/.jdks/openjdk-17.0.2/lib/libjli.so
7fe439a6d000-7fe439a6f000 r--p 00000000 103:06 1447817                   /usr/lib/x86_64-linux-gnu/libz.so.1.2.11
7fe439a6f000-7fe439a80000 r-xp 00002000 103:06 1447817                   /usr/lib/x86_64-linux-gnu/libz.so.1.2.11
7fe439a80000-7fe439a86000 r--p 00013000 103:06 1447817                   /usr/lib/x86_64-linux-gnu/libz.so.1.2.11
7fe439a86000-7fe439a87000 ---p 00019000 103:06 1447817                   /usr/lib/x86_64-linux-gnu/libz.so.1.2.11
7fe439a87000-7fe439a88000 r--p 00019000 103:06 1447817                   /usr/lib/x86_64-linux-gnu/libz.so.1.2.11
7fe439a88000-7fe439a89000 rw-p 0001a000 103:06 1447817                   /usr/lib/x86_64-linux-gnu/libz.so.1.2.11
7fe439a8d000-7fe439a8e000 r--p 00000000 103:06 3802076                   /home/ann/projects/java-optimization/task4/src/main/c/libnative.so
7fe439a8e000-7fe439a8f000 r-xp 00001000 103:06 3802076                   /home/ann/projects/java-optimization/task4/src/main/c/libnative.so
7fe439a8f000-7fe439a90000 r--p 00002000 103:06 3802076                   /home/ann/projects/java-optimization/task4/src/main/c/libnative.so
7fe439a90000-7fe439a91000 r--p 00002000 103:06 3802076                   /home/ann/projects/java-optimization/task4/src/main/c/libnative.so
7fe439a91000-7fe439a92000 rw-p 00003000 103:06 3802076                   /home/ann/projects/java-optimization/task4/src/main/c/libnative.so
7fe439a92000-7fe439a9a000 rw-s 00000000 103:06 1710762                   /tmp/hsperfdata_ann/42505
7fe439a9a000-7fe439a9b000 ---p 00000000 00:00 0 
7fe439a9b000-7fe439a9c000 r--p 00000000 00:00 0 
7fe439a9c000-7fe439a9e000 rw-p 00000000 00:00 0 
7fe439a9e000-7fe439aa0000 r--p 00000000 103:06 1443997                   /usr/lib/x86_64-linux-gnu/ld-linux-x86-64.so.2
7fe439aa0000-7fe439aca000 r-xp 00002000 103:06 1443997                   /usr/lib/x86_64-linux-gnu/ld-linux-x86-64.so.2
7fe439aca000-7fe439ad5000 r--p 0002c000 103:06 1443997                   /usr/lib/x86_64-linux-gnu/ld-linux-x86-64.so.2
7fe439ad5000-7fe439ad6000 ---p 00000000 00:00 0 
7fe439ad6000-7fe439ad8000 r--p 00037000 103:06 1443997                   /usr/lib/x86_64-linux-gnu/ld-linux-x86-64.so.2
7fe439ad8000-7fe439ada000 rw-p 00039000 103:06 1443997                   /usr/lib/x86_64-linux-gnu/ld-linux-x86-64.so.2
7ffd1c229000-7ffd1c24a000 rw-p 00000000 00:00 0                          [stack]
7ffd1c36d000-7ffd1c371000 r--p 00000000 00:00 0                          [vvar]
7ffd1c371000-7ffd1c373000 r-xp 00000000 00:00 0                          [vdso]
ffffffffff600000-ffffffffff601000 --xp 00000000 00:00 0                  [vsyscall]


VM Arguments:
jvm_args: -Djava.library.path=./src/main/c 
java_command: Main -cp ./build/classes/java/main Main -Dfile.encoding=UTF-8 -Duser.country=US -Duser.language=en -Duser.variant -cp /home/ann/projects/java-optimization/task4/build/classes/java/main:/home/ann/projects/java-optimization/task4/build/resources/main Main
java_class_path (initial): ./build/classes/java/main
Launcher Type: SUN_STANDARD

[Global flags]
     intx CICompilerCount                          = 4                                         {product} {ergonomic}
     uint ConcGCThreads                            = 2                                         {product} {ergonomic}
     uint G1ConcRefinementThreads                  = 8                                         {product} {ergonomic}
   size_t G1HeapRegionSize                         = 2097152                                   {product} {ergonomic}
    uintx GCDrainStackTargetSize                   = 64                                        {product} {ergonomic}
   size_t InitialHeapSize                          = 257949696                                 {product} {ergonomic}
   size_t MarkStackSize                            = 4194304                                   {product} {ergonomic}
   size_t MaxHeapSize                              = 4112515072                                {product} {ergonomic}
   size_t MaxNewSize                               = 2466250752                                {product} {ergonomic}
   size_t MinHeapDeltaBytes                        = 2097152                                   {product} {ergonomic}
   size_t MinHeapSize                              = 8388608                                   {product} {ergonomic}
    uintx NonNMethodCodeHeapSize                   = 5839372                                {pd product} {ergonomic}
    uintx NonProfiledCodeHeapSize                  = 122909434                              {pd product} {ergonomic}
    uintx ProfiledCodeHeapSize                     = 122909434                              {pd product} {ergonomic}
    uintx ReservedCodeCacheSize                    = 251658240                              {pd product} {ergonomic}
     bool SegmentedCodeCache                       = true                                      {product} {ergonomic}
   size_t SoftMaxHeapSize                          = 4112515072                             {manageable} {ergonomic}
     bool UseCompressedClassPointers               = true                           {product lp64_product} {ergonomic}
     bool UseCompressedOops                        = true                           {product lp64_product} {ergonomic}
     bool UseG1GC                                  = true                                      {product} {ergonomic}

Logging:
Log output configuration:
 #0: stdout all=warning uptime,level,tags
 #1: stderr all=off uptime,level,tags

Environment Variables:
PATH=/home/ann/.local/bin:/usr/local/sbin:/usr/local/bin:/usr/sbin:/usr/bin:/sbin:/bin:/usr/games:/usr/local/games:/snap/bin:/snap/bin
USERNAME=ann
SHELL=/bin/bash
DISPLAY=:0
LANG=en_US.UTF-8

Signal Handlers:
   SIGSEGV: crash_handler in libjvm.so, mask=11100100010111111101111111111110, flags=SA_RESTART|SA_SIGINFO
    SIGBUS: crash_handler in libjvm.so, mask=11100100010111111101111111111110, flags=SA_RESTART|SA_SIGINFO
    SIGFPE: crash_handler in libjvm.so, mask=11100100010111111101111111111110, flags=SA_RESTART|SA_SIGINFO
   SIGPIPE: javaSignalHandler in libjvm.so, mask=11100100010111111101111111111110, flags=SA_RESTART|SA_SIGINFO
   SIGXFSZ: javaSignalHandler in libjvm.so, mask=11100100010111111101111111111110, flags=SA_RESTART|SA_SIGINFO
    SIGILL: crash_handler in libjvm.so, mask=11100100010111111101111111111110, flags=SA_RESTART|SA_SIGINFO
   SIGUSR2: SR_handler in libjvm.so, mask=00100000000000000000000000000000, flags=SA_RESTART|SA_SIGINFO
    SIGHUP: UserHandler in libjvm.so, mask=11100100010111111101111111111110, flags=SA_RESTART|SA_SIGINFO
    SIGINT: UserHandler in libjvm.so, mask=11100100010111111101111111111110, flags=SA_RESTART|SA_SIGINFO
   SIGTERM: UserHandler in libjvm.so, mask=11100100010111111101111111111110, flags=SA_RESTART|SA_SIGINFO
   SIGQUIT: UserHandler in libjvm.so, mask=11100100010111111101111111111110, flags=SA_RESTART|SA_SIGINFO
   SIGTRAP: crash_handler in libjvm.so, mask=11100100010111111101111111111110, flags=SA_RESTART|SA_SIGINFO


---------------  S Y S T E M  ---------------

OS:
DISTRIB_ID=Ubuntu
DISTRIB_RELEASE=22.04
DISTRIB_CODENAME=jammy
DISTRIB_DESCRIPTION="Ubuntu 22.04.1 LTS"
uname: Linux 5.19.0-38-generic #39~22.04.1-Ubuntu SMP PREEMPT_DYNAMIC Fri Mar 17 21:16:15 UTC 2 x86_64
OS uptime: 0 days 1:53 hours
libc: glibc 2.35 NPTL 2.35 
rlimit (soft/hard): STACK 8192k/infinity , CORE 0k/infinity , NPROC 62413/62413 , NOFILE 1048576/1048576 , AS infinity/infinity , CPU infinity/infinity , DATA infinity/infinity , FSIZE infinity/infinity , MEMLOCK 2007176k/2007176k
load average: 1,09 0,65 0,61

/proc/meminfo:
MemTotal:       16057428 kB
MemFree:         2187612 kB
MemAvailable:    7576544 kB
Buffers:          438132 kB
Cached:          5918724 kB
SwapCached:         3260 kB
Active:          3620196 kB
Inactive:        9145752 kB
Active(anon):     382552 kB
Inactive(anon):  6943528 kB
Active(file):    3237644 kB
Inactive(file):  2202224 kB
Unevictable:      244016 kB
Mlocked:              64 kB
SwapTotal:       2097148 kB
SwapFree:        2081276 kB
Zswap:                 0 kB
Zswapped:              0 kB
Dirty:               444 kB
Writeback:             0 kB
AnonPages:       6650024 kB
Mapped:          1636200 kB
Shmem:            925548 kB
KReclaimable:     292172 kB
Slab:             583744 kB
SReclaimable:     292172 kB
SUnreclaim:       291572 kB
KernelStack:       22620 kB
PageTables:        55108 kB
NFS_Unstable:          0 kB
Bounce:                0 kB
WritebackTmp:          0 kB
CommitLimit:    10125860 kB
Committed_AS:   15649556 kB
VmallocTotal:   34359738367 kB
VmallocUsed:      132672 kB
VmallocChunk:          0 kB
Percpu:            11360 kB
HardwareCorrupted:     0 kB
AnonHugePages:         0 kB
ShmemHugePages:   653312 kB
ShmemPmdMapped:        0 kB
FileHugePages:         0 kB
FilePmdMapped:         0 kB
HugePages_Total:       0
HugePages_Free:        0
HugePages_Rsvd:        0
HugePages_Surp:        0
Hugepagesize:       2048 kB
Hugetlb:               0 kB
DirectMap4k:      572668 kB
DirectMap2M:    11681792 kB
DirectMap1G:     5242880 kB

/sys/kernel/mm/transparent_hugepage/enabled: always [madvise] never
/sys/kernel/mm/transparent_hugepage/defrag (defrag/compaction efforts parameter): always defer defer+madvise [madvise] never

Process Memory:
Virtual Size: 6888096K (peak: 6888096K)
Resident Set Size: 35952K (peak: 35952K) (anon: 12488K, file: 23464K, shmem: 0K)
Swapped out: 0K
C-Heap outstanding allocations: 2280K

/proc/sys/kernel/threads-max (system-wide limit on the number of threads): 124827
/proc/sys/vm/max_map_count (maximum number of memory map areas a process may have): 65530
/proc/sys/kernel/pid_max (system-wide limit on number of process identifiers): 4194304

container (cgroup) information:
container_type: cgroupv2
cpu_cpuset_cpus: not supported
cpu_memory_nodes: not supported
active_processor_count: 8
cpu_quota: not supported
cpu_period: not supported
cpu_shares: not supported
memory_limit_in_bytes: unlimited
memory_and_swap_limit_in_bytes: unlimited
memory_soft_limit_in_bytes: unlimited
memory_usage_in_bytes: 5485711360
memory_max_usage_in_bytes: not supported

Steal ticks since vm start: 0
Steal ticks percentage since vm start:  0,000

CPU: total 8 (initial active 8) (4 cores per cpu, 2 threads per core) family 6 model 140 stepping 1 microcode 0xa6, cx8, cmov, fxsr, ht, mmx, 3dnowpref, sse, sse2, sse3, ssse3, sse4.1, sse4.2, popcnt, lzcnt, tsc, tscinvbit, avx, avx2, aes, erms, clmul, bmi1, bmi2, adx, avx512f, avx512dq, avx512cd, avx512bw, avx512vl, sha, fma, vzeroupper, avx512_vpopcntdq, avx512_vpclmulqdq, avx512_vaes, avx512_vnni, clflush, clflushopt, clwb, avx512_vbmi2, avx512_vbmi
CPU Model and flags from /proc/cpuinfo:
model name	: 11th Gen Intel(R) Core(TM) i7-1165G7 @ 2.80GHz
flags		: fpu vme de pse tsc msr pae mce cx8 apic sep mtrr pge mca cmov pat pse36 clflush dts acpi mmx fxsr sse sse2 ss ht tm pbe syscall nx pdpe1gb rdtscp lm constant_tsc art arch_perfmon pebs bts rep_good nopl xtopology nonstop_tsc cpuid aperfmperf tsc_known_freq pni pclmulqdq dtes64 monitor ds_cpl vmx est tm2 ssse3 sdbg fma cx16 xtpr pdcm pcid sse4_1 sse4_2 x2apic movbe popcnt tsc_deadline_timer aes xsave avx f16c rdrand lahf_lm abm 3dnowprefetch cpuid_fault epb cat_l2 invpcid_single cdp_l2 ssbd ibrs ibpb stibp ibrs_enhanced tpr_shadow vnmi flexpriority ept vpid ept_ad fsgsbase tsc_adjust bmi1 avx2 smep bmi2 erms invpcid rdt_a avx512f avx512dq rdseed adx smap avx512ifma clflushopt clwb intel_pt avx512cd sha_ni avx512bw avx512vl xsaveopt xsavec xgetbv1 xsaves split_lock_detect dtherm ida arat pln pts hwp hwp_notify hwp_act_window hwp_epp hwp_pkg_req avx512vbmi umip pku ospke avx512_vbmi2 gfni vaes vpclmulqdq avx512_vnni avx512_bitalg avx512_vpopcntdq rdpid movdiri movdir64b fsrm avx512_vp2intersect md_clear ibt flush_l1d arch_capabilities

Online cpus: 0-7
Offline cpus: 
BIOS frequency limitation: <Not Available>
Frequency switch latency (ns): 0
Available cpu frequencies: <Not Available>
Current governor: powersave
Core performance/turbo boost: <Not Available>

Memory: 4k page, physical 16057428k(2187612k free), swap 2097148k(2081276k free)
Page Sizes: 4k

vm_info: OpenJDK 64-Bit Server VM (17.0.2+8-86) for linux-amd64 JRE (17.0.2+8-86), built on Dec  7 2021 21:41:21 by "mach5one" with gcc 10.3.0

END.
